<?xml version="1.0" encoding="UTF-8"?>
<!-- Generated by org.testng.reporters.JUnitReportReporter -->
<testsuite hostname="IN-PG02RL1R" failures="0" tests="3" name="com.tutorialNinja.qa.testcases.HomePageTest" time="6.770" errors="0" timestamp="2024-06-12T17:31:04 IST" skipped="0">
  <testcase classname="com.tutorialNinja.qa.testcases.HomePageTest" name="homePageTitleTest" time="1.837"/>
  <system-out/>
  <testcase classname="com.tutorialNinja.qa.testcases.HomePageTest" name="registerPageNavigationTest" time="2.176"/>
  <system-out/>
  <testcase classname="com.tutorialNinja.qa.testcases.HomePageTest" name="loginPageNavigationTest" time="2.757"/>
  <system-out/>
</testsuite> <!-- com.tutorialNinja.qa.testcases.HomePageTest -->
