<?xml version="1.0" encoding="UTF-8"?>
<!-- Generated by org.testng.reporters.JUnitReportReporter -->
<testsuite hostname="IN-PG02RL1R" failures="0" tests="3" name="com.tutorialNinja.qa.testcases.LoginPageTest" time="7.685" errors="0" timestamp="2024-06-12T17:31:04 IST" skipped="0">
  <testcase classname="com.tutorialNinja.qa.testcases.LoginPageTest" name="loginPageTitleTest" time="2.358"/>
  <system-out/>
  <testcase classname="com.tutorialNinja.qa.testcases.LoginPageTest" name="loginPageHeadingTest" time="2.428"/>
  <system-out/>
  <testcase classname="com.tutorialNinja.qa.testcases.LoginPageTest" name="loginTest" time="2.899"/>
  <system-out/>
</testsuite> <!-- com.tutorialNinja.qa.testcases.LoginPageTest -->
