<?xml version="1.0" encoding="UTF-8"?>
<!-- Generated by org.testng.reporters.JUnitReportReporter -->
<testsuite hostname="IN-PG02RL1R" failures="0" tests="4" name="com.tutorialNinja.qa.testcases.EditAccountPageTest" time="23.382" errors="0" timestamp="2024-06-12T17:31:04 IST" skipped="0">
  <testcase classname="com.tutorialNinja.qa.testcases.EditAccountPageTest" name="editAccountPageTitleTest" time="3.230"/>
  <system-out/>
  <testcase classname="com.tutorialNinja.qa.testcases.EditAccountPageTest" name="editAccountPageHeadingTest" time="3.348"/>
  <system-out/>
  <testcase classname="com.tutorialNinja.qa.testcases.EditAccountPageTest" name="editAccountInfo" time="4.469"/>
  <system-out/>
  <testcase classname="com.tutorialNinja.qa.testcases.EditAccountPageTest" name="logoutFromAccnt" time="12.335"/>
  <system-out/>
</testsuite> <!-- com.tutorialNinja.qa.testcases.EditAccountPageTest -->
