<?xml version="1.0" encoding="UTF-8"?>
<!-- Generated by org.testng.reporters.JUnitReportReporter -->
<testsuite hostname="IN-PG02RL1R" failures="0" tests="3" name="com.tutorialNinja.qa.testcases.MyAccountPageTest" time="8.967" errors="0" timestamp="2024-06-12T17:31:04 IST" skipped="0">
  <testcase classname="com.tutorialNinja.qa.testcases.MyAccountPageTest" name="myAccountPageTitleTest" time="2.823"/>
  <system-out/>
  <testcase classname="com.tutorialNinja.qa.testcases.MyAccountPageTest" name="myAccountPageHeadingTest" time="3.037"/>
  <system-out/>
  <testcase classname="com.tutorialNinja.qa.testcases.MyAccountPageTest" name="editAccountPage" time="3.107"/>
  <system-out/>
</testsuite> <!-- com.tutorialNinja.qa.testcases.MyAccountPageTest -->
