<?xml version="1.0" encoding="UTF-8"?>
<!-- Generated by org.testng.reporters.JUnitReportReporter -->
<testsuite hostname="IN-PG02RL1R" failures="0" tests="3" name="com.tutorialNinja.qa.testcases.RegistrationPageTest" time="7.825" errors="0" timestamp="2024-06-12T17:31:04 IST" skipped="0">
  <testcase classname="com.tutorialNinja.qa.testcases.RegistrationPageTest" name="registerPageTitleTest" time="2.117"/>
  <system-out/>
  <testcase classname="com.tutorialNinja.qa.testcases.RegistrationPageTest" name="validateCreateNewAccnt" time="2.795"/>
  <system-out/>
  <testcase classname="com.tutorialNinja.qa.testcases.RegistrationPageTest" name="validateCreateNewAccnt" time="2.913"/>
  <system-out/>
</testsuite> <!-- com.tutorialNinja.qa.testcases.RegistrationPageTest -->
