<?xml version="1.0" encoding="UTF-8"?>
<!-- Generated by org.testng.reporters.JUnitReportReporter -->
<testsuite hostname="IN-PG02RL1R" failures="0" tests="4" name="com.tutorialNinja.qa.testcases.EditAccountPageTest" time="45.837" errors="0" timestamp="2024-06-18T11:28:57 IST" skipped="0">
  <testcase classname="com.tutorialNinja.qa.testcases.EditAccountPageTest" name="editAccountPageTitleTest" time="10.953"/>
  <testcase classname="com.tutorialNinja.qa.testcases.EditAccountPageTest" name="editAccountPageHeadingTest" time="6.969"/>
  <testcase classname="com.tutorialNinja.qa.testcases.EditAccountPageTest" name="editAccountInfo" time="11.436"/>
  <testcase classname="com.tutorialNinja.qa.testcases.EditAccountPageTest" name="logoutFromAccnt" time="16.479"/>
</testsuite> <!-- com.tutorialNinja.qa.testcases.EditAccountPageTest -->
