<?xml version="1.0" encoding="UTF-8"?>
<!-- Generated by org.testng.reporters.JUnitReportReporter -->
<testsuite hostname="IN-PG02RL1R" failures="0" tests="3" name="com.tutorialNinja.qa.testcases.HomePageTest" time="16.791" errors="0" timestamp="2024-06-18T11:28:57 IST" skipped="0">
  <testcase classname="com.tutorialNinja.qa.testcases.HomePageTest" name="homePageTitleTest" time="5.521"/>
  <testcase classname="com.tutorialNinja.qa.testcases.HomePageTest" name="registerPageNavigationTest" time="4.936"/>
  <testcase classname="com.tutorialNinja.qa.testcases.HomePageTest" name="loginPageNavigationTest" time="6.334"/>
</testsuite> <!-- com.tutorialNinja.qa.testcases.HomePageTest -->
