<?xml version="1.0" encoding="UTF-8"?>
<!-- Generated by org.testng.reporters.JUnitReportReporter -->
<testsuite hostname="IN-PG02RL1R" failures="0" tests="3" name="com.tutorialNinja.qa.testcases.RegistrationPageTest" time="13.810" errors="0" timestamp="2024-06-18T11:28:57 IST" skipped="0">
  <testcase classname="com.tutorialNinja.qa.testcases.RegistrationPageTest" name="registerPageTitleTest" time="4.016"/>
  <testcase classname="com.tutorialNinja.qa.testcases.RegistrationPageTest" name="validateCreateNewAccnt" time="4.922"/>
  <testcase classname="com.tutorialNinja.qa.testcases.RegistrationPageTest" name="validateCreateNewAccnt" time="4.872"/>
</testsuite> <!-- com.tutorialNinja.qa.testcases.RegistrationPageTest -->
