<?xml version="1.0" encoding="UTF-8"?>
<!-- Generated by org.testng.reporters.JUnitReportReporter -->
<testsuite hostname="IN-PG02RL1R" failures="0" tests="3" name="com.tutorialNinja.qa.testcases.MyAccountPageTest" time="15.506" errors="0" timestamp="2024-06-18T11:28:57 IST" skipped="0">
  <testcase classname="com.tutorialNinja.qa.testcases.MyAccountPageTest" name="myAccountPageTitleTest" time="5.710"/>
  <testcase classname="com.tutorialNinja.qa.testcases.MyAccountPageTest" name="myAccountPageHeadingTest" time="4.722"/>
  <testcase classname="com.tutorialNinja.qa.testcases.MyAccountPageTest" name="editAccountPage" time="5.074"/>
</testsuite> <!-- com.tutorialNinja.qa.testcases.MyAccountPageTest -->
