<?xml version="1.0" encoding="UTF-8"?>
<!-- Generated by org.testng.reporters.JUnitReportReporter -->
<testsuite hostname="IN-PG02RL1R" failures="0" tests="3" name="com.tutorialNinja.qa.testcases.LoginPageTest" time="15.924" errors="0" timestamp="2024-06-18T11:28:57 IST" skipped="0">
  <testcase classname="com.tutorialNinja.qa.testcases.LoginPageTest" name="loginPageTitleTest" time="5.181"/>
  <testcase classname="com.tutorialNinja.qa.testcases.LoginPageTest" name="loginPageHeadingTest" time="4.641"/>
  <testcase classname="com.tutorialNinja.qa.testcases.LoginPageTest" name="loginTest" time="6.102"/>
</testsuite> <!-- com.tutorialNinja.qa.testcases.LoginPageTest -->
